make all --print-data-base --no-builtin-variables --no-builtin-rules --question
# GNU Make 3.82
# Built for x86_64-redhat-linux-gnu
# Copyright (C) 2010  Free Software Foundation, Inc.
# License GPLv3+: GNU GPL version 3 or later <http://gnu.org/licenses/gpl.html>
# This is free software: you are free to change and redistribute it.
# There is NO WARRANTY, to the extent permitted by law.

# Make data base, printed on Tue Jan  3 11:46:30 2023

# Variables

# automatic
<D = $(patsubst %/,%,$(dir $<))
# automatic
?F = $(notdir $?)
# default
.SHELLFLAGS := -c
# environment
VSCODE_AGENT_FOLDER = /home/wucz/.vscode-server
# automatic
?D = $(patsubst %/,%,$(dir $?))
# automatic
@D = $(patsubst %/,%,$(dir $@))
# automatic
@F = $(notdir $@)
# default
MAKE_VERSION := 3.82
# makefile
CURDIR := /project/public
# makefile
SHELL = /bin/sh
# environment
VSCODE_NLS_CONFIG = {"locale":"zh-cn","availableLanguages":{"*":"zh-cn"},"_languagePackId":"f45d28db2b892ef5d3a7efebc519f640.zh-cn","_translationsConfigFile":"/home/wucz/.vscode-server/data/clp/f45d28db2b892ef5d3a7efebc519f640.zh-cn/tcf.json","_cacheRoot":"/home/wucz/.vscode-server/data/clp/f45d28db2b892ef5d3a7efebc519f640.zh-cn","_resolvedLanguagePackCoreLocation":"/home/wucz/.vscode-server/data/clp/f45d28db2b892ef5d3a7efebc519f640.zh-cn/e8a3071ea4344d9d48ef8a4df2c097372b0c5161","_corruptedFile":"/home/wucz/.vscode-server/data/clp/f45d28db2b892ef5d3a7efebc519f640.zh-cn/corrupted.info","_languagePackSupport":true}
# environment
_ = /usr/bin/make
# makefile (from `makefile', line 1)
MAKEFILE_LIST :=  makefile
# environment
HISTCONTROL = ignoredups
# environment
INFOPATH = /opt/rh/devtoolset-8/root/usr/share/info
# environment
PCP_DIR = /opt/rh/devtoolset-8/root
# environment
LESSOPEN = ||/usr/bin/lesspipe.sh %s
# environment
VSCODE_CWD = /home/wucz
# environment
SSH_CONNECTION = 192.168.101.37 60548 192.168.101.138 22
# environment
PATH = /home/wucz/.vscode-server/bin/e8a3071ea4344d9d48ef8a4df2c097372b0c5161/bin/remote-cli:/opt/rh/devtoolset-8/root/usr/bin:/usr/local/bin:/usr/bin:/usr/local/sbin:/usr/sbin:/home/wucz/.local/bin:/home/wucz/bin
# environment
XDG_RUNTIME_DIR = /run/user/1000
# environment
ELECTRON_RUN_AS_NODE = 1
# environment
SELINUX_USE_CURRENT_RANGE = 
# default
.FEATURES := target-specific order-only second-expansion else-if shortest-stem undefine oneshell archives jobserver check-symlink
# automatic
%F = $(notdir $%)
# environment
PWD = /project/public
# environment
VSCODE_IPC_HOOK_CLI = /run/user/1000/vscode-ipc-71a27c13-4a4a-40cb-9d13-429e828183d7.sock
# automatic
*D = $(patsubst %/,%,$(dir $*))
# environment
PKG_CONFIG_PATH = /opt/rh/devtoolset-8/root/usr/lib64/pkgconfig
# environment
MANPATH = /opt/rh/devtoolset-8/root/usr/share/man:
# environment
VSCODE_AMD_ENTRYPOINT = vs/workbench/api/node/extensionHostProcess
# environment
HOME = /home/wucz
# environment
LD_LIBRARY_PATH = /opt/rh/devtoolset-8/root/usr/lib64:/opt/rh/devtoolset-8/root/usr/lib:/opt/rh/devtoolset-8/root/usr/lib64/dyninst:/opt/rh/devtoolset-8/root/usr/lib/dyninst:/opt/rh/devtoolset-8/root/usr/lib64:/opt/rh/devtoolset-8/root/usr/lib
# environment
PERL5LIB = /opt/rh/devtoolset-8/root//usr/lib64/perl5/vendor_perl:/opt/rh/devtoolset-8/root/usr/lib/perl5:/opt/rh/devtoolset-8/root//usr/share/perl5/vendor_perl
# environment
LOGNAME = wucz
# environment
APPLICATION_INSIGHTS_NO_DIAGNOSTIC_CHANNEL = 1
# automatic
+F = $(notdir $+)
# environment
SELINUX_LEVEL_REQUESTED = 
# environment
VSCODE_HANDLES_UNCAUGHT_ERRORS = true
# automatic
^D = $(patsubst %/,%,$(dir $^))
# environment
HOSTNAME = centos138
# environment
MAKELEVEL := 0
# default
MAKE = $(MAKE_COMMAND)
# default
MAKECMDGOALS := all
# environment
SHLVL = 5
# environment
XDG_SESSION_ID = 3
# environment
USER = wucz
# makefile
.DEFAULT_GOAL := all
# automatic
%D = $(patsubst %/,%,$(dir $%))
# default
MAKE_COMMAND := make
# default
.VARIABLES := 
# automatic
*F = $(notdir $*)
# environment
PYTHONPATH = /opt/rh/devtoolset-8/root/usr/lib64/python2.7/site-packages:/opt/rh/devtoolset-8/root/usr/lib/python2.7/site-packages
# makefile
MAKEFLAGS = Rrqp
# environment
MFLAGS = -Rrqp
# environment
SSH_CLIENT = 192.168.101.37 60548 22
# environment
MAIL = /var/spool/mail/wucz
# automatic
+D = $(patsubst %/,%,$(dir $+))
# environment
BROWSER = /home/wucz/.vscode-server/bin/e8a3071ea4344d9d48ef8a4df2c097372b0c5161/bin/helpers/browser.sh
# environment
VSCODE_HANDLES_SIGPIPE = true
# default
MAKEFILES := 
# automatic
<F = $(notdir $<)
# environment
LC_ALL = C
# automatic
^F = $(notdir $^)
# environment
SELINUX_ROLE_REQUESTED = 
# default
SUFFIXES := 
# environment
HISTSIZE = 1000
# default
.INCLUDE_DIRS = /usr/include /usr/local/include /usr/include
# default
.RECIPEPREFIX := 
# environment
LANG = C
# variable set hash-table stats:
# Load=70/1024=7%, Rehash=0, Collisions=7/95=7%

# Pattern-specific Variable Values

# No pattern-specific variable values.

# Directories

# . (device 64768, inode 69252): 19 files, no impossibilities.

# 19 files, no impossibilities in 1 directories.

# Implicit Rules

# No implicit rules.

# Files

all: lib_public.a lib_public.so libftp.a libftp.so
#  Command line target.
#  Implicit rule search has been done.
#  File does not exist.
#  File has been updated.
#  Needs to be updated (-q is set).
# variable set hash-table stats:
# Load=0/32=0%, Rehash=0, Collisions=0/3=0%

# Not a target:
.SUFFIXES:
#  Implicit rule search has not been done.
#  Modification time never checked.
#  File has not been updated.

# Not a target:
makefile:
#  Implicit rule search has been done.
#  Last modified 2022-12-02 15:31:12.533605754
#  File has been updated.
#  Successfully updated.

libftp.a: ftplib.h ftplib.c
#  Implicit rule search has not been done.
#  Modification time never checked.
#  File has not been updated.
#  recipe to execute (from `makefile', line 10):
	gcc -c -o libftp.a ftplib.c #-std=c++11

lib_public.a: _public.h _public.cpp
#  Implicit rule search has not been done.
#  Implicit/static pattern stem: `'
#  Last modified 2022-12-06 11:51:11.068911665
#  File has been updated.
#  Needs to be updated (-q is set).
# automatic
# @ := lib_public.a
# automatic
# % := 
# automatic
# * := 
# automatic
# + := _public.h _public.cpp
# automatic
# | := 
# automatic
# < := _public.h
# automatic
# ^ := _public.h _public.cpp
# automatic
# ? := _public.h _public.cpp
# variable set hash-table stats:
# Load=8/32=25%, Rehash=0, Collisions=1/11=9%
#  recipe to execute (from `makefile', line 4):
	g++ -c -o lib_public.a _public.cpp #-std=c++11

# Not a target:
_public.h:
#  Implicit rule search has been done.
#  Last modified 2022-12-13 16:27:08.031311936
#  File has been updated.
#  Successfully updated.

# Not a target:
_public.cpp:
#  Implicit rule search has been done.
#  Last modified 2022-12-19 15:14:36.493678547
#  File has been updated.
#  Successfully updated.

# Not a target:
ftplib.c:
#  Implicit rule search has not been done.
#  Modification time never checked.
#  File has not been updated.

# Not a target:
.DEFAULT:
#  Implicit rule search has not been done.
#  Modification time never checked.
#  File has not been updated.

clean:
#  Implicit rule search has not been done.
#  Modification time never checked.
#  File has not been updated.
#  recipe to execute (from `makefile', line 16):
	rm -f lib_public.a lib_public.so libftp.a libftp.so

libftp.so: ftplib.h ftplib.c
#  Implicit rule search has not been done.
#  Modification time never checked.
#  File has not been updated.
#  recipe to execute (from `makefile', line 13):
	gcc -fPIC -shared -o libftp.so ftplib.c #-std=c++11

# Not a target:
ftplib.h:
#  Implicit rule search has not been done.
#  Modification time never checked.
#  File has not been updated.

lib_public.so: _public.h _public.cpp
#  Implicit rule search has not been done.
#  Modification time never checked.
#  File has not been updated.
#  recipe to execute (from `makefile', line 7):
	g++ -fPIC -shared -o lib_public.so _public.cpp #-std=c++11
 

# files hash-table stats:
# Load=13/1024=1%, Rehash=0, Collisions=0/41=0%
# VPATH Search Paths

# No `vpath' search paths.

# No general (`VPATH' variable) search path.

# # of strings in strcache: 0 / lookups = 53 / hits = 53
# # of strcache buffers: 1 (* 8176 B/buffer = 8176 B)
# strcache used: total = 0 (216) / max = 0 / min = 8176 / avg = 0
# strcache free: total = 0 (7960) / max = 0 / min = 8176 / avg = 0

# strcache hash-table stats:
# Load=25/8192=0%, Rehash=0, Collisions=1/53=2%
# Finished Make data base on Tue Jan  3 11:46:30 2023

 
